Test project /app/out/build/GCC/Release
        Start   1: Image struct construction and basic operations
  1/232 Test   #1: Image struct construction and basic operations .........................................................................   Passed    0.01 sec
        Start   2: Image pixel access with row-major layout
  2/232 Test   #2: Image pixel access with row-major layout ...............................................................................   Passed    0.00 sec
        Start   3: Image utility methods
  3/232 Test   #3: Image utility methods ..................................................................................................   Passed    0.00 sec
        Start   4: Image data layout verification for integration
  4/232 Test   #4: Image data layout verification for integration .........................................................................   Passed    0.00 sec
        Start   5: CoreGeometry - Line2D - get_position_at_percentage - Basic functionality
  5/232 Test   #5: CoreGeometry - Line2D - get_position_at_percentage - Basic functionality ...............................................   Passed    0.00 sec
        Start   6: CoreGeometry - Line2D - get_position_at_percentage - Complex line
  6/232 Test   #6: CoreGeometry - Line2D - get_position_at_percentage - Complex line ......................................................   Passed    0.00 sec
        Start   7: CoreGeometry - Line2D - get_position_at_percentage - Edge cases
  7/232 Test   #7: CoreGeometry - Line2D - get_position_at_percentage - Edge cases ........................................................   Passed    0.00 sec
        Start   8: CoreGeometry - Line2D -Line segment extraction functionality
  8/232 Test   #8: CoreGeometry - Line2D -Line segment extraction functionality ...........................................................   Passed    0.00 sec
        Start   9: CoreGeometry - Line2D - Line segment extraction edge cases
  9/232 Test   #9: CoreGeometry - Line2D - Line segment extraction edge cases .............................................................   Passed    0.00 sec
        Start  10: CoreGeometry - Line2D - calculate_perpendicular_direction - Core functionality
 10/232 Test  #10: CoreGeometry - Line2D - calculate_perpendicular_direction - Core functionality .........................................   Passed    0.00 sec
        Start  11: CoreGeometry - Line2D - calculate_perpendicular_direction - Edge cases and error handling
 11/232 Test  #11: CoreGeometry - Line2D - calculate_perpendicular_direction - Edge cases and error handling ..............................   Passed    0.00 sec
        Start  12: CoreGeometry - Mask2D - Mask utility functions
 12/232 Test  #12: CoreGeometry - Mask2D - Mask utility functions .........................................................................   Passed    0.00 sec
        Start  13: CoreGeometry - Mask2D - create_mask utility function
 13/232 Test  #13: CoreGeometry - Mask2D - create_mask utility function ...................................................................   Passed    0.00 sec
        Start  14: CoreGeometry - Mask2D - get_mask_outline function
 14/232 Test  #14: CoreGeometry - Mask2D - get_mask_outline function ......................................................................   Passed    0.00 sec
        Start  15: CoreGeometry - Mask2D - generate_ellipse_pixels function
 15/232 Test  #15: CoreGeometry - Mask2D - generate_ellipse_pixels function ...............................................................   Passed    0.00 sec
        Start  16: CoreGeometry - Mask2D - combine_masks function
 16/232 Test  #16: CoreGeometry - Mask2D - combine_masks function .........................................................................   Passed    0.00 sec
        Start  17: CoreGeometry - Mask2D - subtract_masks function
 17/232 Test  #17: CoreGeometry - Mask2D - subtract_masks function ........................................................................   Passed    0.00 sec
        Start  18: CoreGeometry - Mask2D - generate_outline_mask function
 18/232 Test  #18: CoreGeometry - Mask2D - generate_outline_mask function .................................................................   Passed    0.00 sec
        Start  19: CoreGeometry - Polygon - Construction and basic properties
 19/232 Test  #19: CoreGeometry - Polygon - Construction and basic properties .............................................................   Passed    0.00 sec
        Start  20: CoreGeometry - Polygon - Bounding box calculation
 20/232 Test  #20: CoreGeometry - Polygon - Bounding box calculation ......................................................................   Passed    0.00 sec
        Start  21: CoreGeometry - Polygon - Point containment
 21/232 Test  #21: CoreGeometry - Polygon - Point containment .............................................................................   Passed    0.00 sec
        Start  22: CoreGeometry - Polygon - Edge cases
 22/232 Test  #22: CoreGeometry - Polygon - Edge cases ....................................................................................   Passed    0.00 sec
        Start  23: CoreGeometry - Polygon - BoundingBox constructor
 23/232 Test  #23: CoreGeometry - Polygon - BoundingBox constructor .......................................................................   Passed    0.00 sec
        Start  24: CoreGeometry - Polygon - Intersection operations
 24/232 Test  #24: CoreGeometry - Polygon - Intersection operations .......................................................................   Passed    0.00 sec
        Start  25: CoreGeometry - Polygon - Union operations
 25/232 Test  #25: CoreGeometry - Polygon - Union operations ..............................................................................   Passed    0.00 sec
        Start  26: CoreGeometry - Polygon - Complex intersection scenarios
 26/232 Test  #26: CoreGeometry - Polygon - Complex intersection scenarios ................................................................   Passed    0.00 sec
        Start  27: CoreGeometry - Polygon - Martinez-Rueda Boolean Operations
 27/232 Test  #27: CoreGeometry - Polygon - Martinez-Rueda Boolean Operations .............................................................   Passed    0.00 sec
        Start  28: CoreGeometry - Polygon - Boolean operations with Martinez-Rueda adapter
 28/232 Test  #28: CoreGeometry - Polygon - Boolean operations with Martinez-Rueda adapter ................................................   Passed    0.01 sec
        Start  29: DataManager - Create
 29/232 Test  #29: DataManager - Create ...................................................................................................   Passed    0.01 sec
        Start  30: DataManager::setTime successfully registers TimeFrame objects
 30/232 Test  #30: DataManager::setTime successfully registers TimeFrame objects ..........................................................   Passed    0.01 sec
        Start  31: DataManager::setTime handles error conditions
 31/232 Test  #31: DataManager::setTime handles error conditions ..........................................................................   Passed    0.01 sec
        Start  32: DataManager::getTime retrieves TimeFrame objects correctly
 32/232 Test  #32: DataManager::getTime retrieves TimeFrame objects correctly .............................................................   Passed    0.01 sec
        Start  33: DataManager::setTimeFrame assigns TimeFrames to data objects
 33/232 Test  #33: DataManager::setTimeFrame assigns TimeFrames to data objects ...........................................................   Passed    0.01 sec
        Start  34: DataManager::setTimeKey handles error conditions
 34/232 Test  #34: DataManager::setTimeKey handles error conditions .......................................................................   Passed    0.01 sec
        Start  35: DataManager::getTimeKey retrieves TimeFrame associations correctly
 35/232 Test  #35: DataManager::getTimeKey retrieves TimeFrame associations correctly .....................................................   Passed    0.01 sec
        Start  36: DataManager::getTimeKey handles error conditions
 36/232 Test  #36: DataManager::getTimeKey handles error conditions .......................................................................   Passed    0.01 sec
        Start  37: DataManager::getTimeFrameKeys returns all TimeFrame keys
 37/232 Test  #37: DataManager::getTimeFrameKeys returns all TimeFrame keys ...............................................................   Passed    0.01 sec
        Start  38: DataManager::addCallbackToData registers callbacks with data objects
 38/232 Test  #38: DataManager::addCallbackToData registers callbacks with data objects ...................................................   Passed    0.01 sec
        Start  39: DataManager::addCallbackToData handles error conditions
 39/232 Test  #39: DataManager::addCallbackToData handles error conditions ................................................................   Passed    0.01 sec
        Start  40: DataManager::removeCallbackFromData removes registered callbacks
 40/232 Test  #40: DataManager::removeCallbackFromData removes registered callbacks .......................................................   Passed    0.01 sec
        Start  41: DataManager::removeCallbackFromData handles error conditions
 41/232 Test  #41: DataManager::removeCallbackFromData handles error conditions ...........................................................   Passed    0.01 sec
        Start  42: DataManager::addObserver registers callbacks for state changes
 42/232 Test  #42: DataManager::addObserver registers callbacks for state changes .........................................................   Passed    0.01 sec
        Start  43: DataManager::getAllKeys returns all data keys
 43/232 Test  #43: DataManager::getAllKeys returns all data keys ..........................................................................   Passed    0.01 sec
        Start  44: DataManager::getKeys returns keys of the specified data type
 44/232 Test  #44: DataManager::getKeys returns keys of the specified data type ...........................................................   Passed    0.01 sec
        Start  45: DataManager::getType returns correct data types
 45/232 Test  #45: DataManager::getType returns correct data types ........................................................................***Failed    0.01 sec
Filters: "DataManager::getType returns correct data types"
Randomness seeded to: 906068709
Initializing Computer Registry...
Registering built-in computers...
Registering computer: Interval Mean (Row selector: 0, Source type: St10shared_ptrI13IAnalogSourceE)
Registering computer: Interval Max (Row selector: 0, Source type: St10shared_ptrI13IAnalogSourceE)
Registering computer: Interval Min (Row selector: 0, Source type: St10shared_ptrI13IAnalogSourceE)
Registering computer: Interval Standard Deviation (Row selector: 0, Source type: St10shared_ptrI13IAnalogSourceE)
Registering computer: Interval Sum (Row selector: 0, Source type: St10shared_ptrI13IAnalogSourceE)
Registering computer: Interval Count (Row selector: 0, Source type: St10shared_ptrI13IAnalogSourceE)
Registering computer: Event Presence (Row selector: 0, Source type: St10shared_ptrI12IEventSourceE)
Registering computer: Event Count (Row selector: 0, Source type: St10shared_ptrI12IEventSourceE)
Registering computer: Interval Start (Row selector: 0, Source type: St10shared_ptrI15IIntervalSourceE)
Registering computer: Interval End (Row selector: 0, Source type: St10shared_ptrI15IIntervalSourceE)
Registering computer: Interval Duration (Row selector: 0, Source type: St10shared_ptrI15IIntervalSourceE)
Registering computer: Event Gather (Row selector: 0, Source type: St10shared_ptrI12IEventSourceE)
Registering computer: Timestamp Value (Row selector: 1, Source type: St10shared_ptrI13IAnalogSourceE)
Registering multi-output computer: Analog Timestamp Offsets (Row selector: 1, Source type: St10shared_ptrI13IAnalogSourceE)
Registering computer: Timestamp In Interval (Row selector: 1, Source type: St10shared_ptrI15IIntervalSourceE)
Registering multi-output computer: Line Sample XY (Row selector: 1, Source type: St10shared_ptrI11ILineSourceE)
Registering computer: Interval Overlap Assign ID (Row selector: 0, Source type: St10shared_ptrI15IIntervalSourceE)
Registering computer: Interval Overlap Count (Row selector: 0, Source type: St10shared_ptrI15IIntervalSourceE)
Registering computer: Interval Overlap Assign Start (Row selector: 0, Source type: St10shared_ptrI15IIntervalSourceE)
Registering computer: Interval Overlap Assign End (Row selector: 0, Source type: St10shared_ptrI15IIntervalSourceE)
Registering computer: Analog Slice Gatherer (Row selector: 0, Source type: St10shared_ptrI13IAnalogSourceE)
Registering computer: Analog Slice Gatherer Float (Row selector: 0, Source type: St10shared_ptrI13IAnalogSourceE)
Finished registering built-in computers.
Registering built-in adapters...
Registering adapter: Point X Component (Input type: 9PointData, Output type: St10shared_ptrI13IAnalogSourceE)
Registering adapter: Point Y Component (Input type: 9PointData, Output type: St10shared_ptrI13IAnalogSourceE)
Registering adapter: Line Data (Input type: 8LineData, Output type: St10shared_ptrI11ILineSourceE)
Finished registering built-in adapters.
Computing computer mappings...
Finished computing computer mappings.
Computing adapter mappings...
Finished computing adapter mappings.
Computer Registry Initialized with 22 computers and 3 adapters.
TableRegistry initialized
LoaderRegistration: Registering all loaders...
LoaderRegistration: Registering CSV loader...
LoaderRegistry: Registered loader 'CSVLoader (Internal)'
LoaderRegistration: CapnProto loader not available (ENABLE_CAPNPROTO not defined)
LoaderRegistration: HDF5 loader not available (ENABLE_HDF5 not defined)
LoaderRegistration: OpenCV loader not available (ENABLE_OPENCV not defined)
LoaderRegistration: All loaders registered.

~~~~~~~~~~~~~~~~~~~~~~~~~~~~~~~~~~~~~~~~~~~~~~~~~~~~~~~~~~~~~~~~~~~~~~~~~~~~~~~
test_data_manager is a Catch2 v3.6.0 host application.
Run with -? for options

-------------------------------------------------------------------------------
DataManager::getType returns correct data types
  Default media type
-------------------------------------------------------------------------------
/app/tests/DataManager/test_data_manager.cpp:578
...............................................................................

/app/tests/DataManager/test_data_manager.cpp:581: FAILED:
  REQUIRE( dm.getType("media") == DM_DataType::Video )
with expansion:
  1 == 0

TableRegistry destroyed
Initializing Computer Registry...
Registering built-in computers...
Registering computer: Interval Mean (Row selector: 0, Source type: St10shared_ptrI13IAnalogSourceE)
Registering computer: Interval Max (Row selector: 0, Source type: St10shared_ptrI13IAnalogSourceE)
Registering computer: Interval Min (Row selector: 0, Source type: St10shared_ptrI13IAnalogSourceE)
Registering computer: Interval Standard Deviation (Row selector: 0, Source type: St10shared_ptrI13IAnalogSourceE)
Registering computer: Interval Sum (Row selector: 0, Source type: St10shared_ptrI13IAnalogSourceE)
Registering computer: Interval Count (Row selector: 0, Source type: St10shared_ptrI13IAnalogSourceE)
Registering computer: Event Presence (Row selector: 0, Source type: St10shared_ptrI12IEventSourceE)
Registering computer: Event Count (Row selector: 0, Source type: St10shared_ptrI12IEventSourceE)
Registering computer: Interval Start (Row selector: 0, Source type: St10shared_ptrI15IIntervalSourceE)
Registering computer: Interval End (Row selector: 0, Source type: St10shared_ptrI15IIntervalSourceE)
Registering computer: Interval Duration (Row selector: 0, Source type: St10shared_ptrI15IIntervalSourceE)
Registering computer: Event Gather (Row selector: 0, Source type: St10shared_ptrI12IEventSourceE)
Registering computer: Timestamp Value (Row selector: 1, Source type: St10shared_ptrI13IAnalogSourceE)
Registering multi-output computer: Analog Timestamp Offsets (Row selector: 1, Source type: St10shared_ptrI13IAnalogSourceE)
Registering computer: Timestamp In Interval (Row selector: 1, Source type: St10shared_ptrI15IIntervalSourceE)
Registering multi-output computer: Line Sample XY (Row selector: 1, Source type: St10shared_ptrI11ILineSourceE)
Registering computer: Interval Overlap Assign ID (Row selector: 0, Source type: St10shared_ptrI15IIntervalSourceE)
Registering computer: Interval Overlap Count (Row selector: 0, Source type: St10shared_ptrI15IIntervalSourceE)
Registering computer: Interval Overlap Assign Start (Row selector: 0, Source type: St10shared_ptrI15IIntervalSourceE)
Registering computer: Interval Overlap Assign End (Row selector: 0, Source type: St10shared_ptrI15IIntervalSourceE)
Registering computer: Analog Slice Gatherer (Row selector: 0, Source type: St10shared_ptrI13IAnalogSourceE)
Registering computer: Analog Slice Gatherer Float (Row selector: 0, Source type: St10shared_ptrI13IAnalogSourceE)
Finished registering built-in computers.
Registering built-in adapters...
Registering adapter: Point X Component (Input type: 9PointData, Output type: St10shared_ptrI13IAnalogSourceE)
Registering adapter: Point Y Component (Input type: 9PointData, Output type: St10shared_ptrI13IAnalogSourceE)
Registering adapter: Line Data (Input type: 8LineData, Output type: St10shared_ptrI11ILineSourceE)
Finished registering built-in adapters.
Computing computer mappings...
Finished computing computer mappings.
Computing adapter mappings...
Finished computing adapter mappings.
Computer Registry Initialized with 22 computers and 3 adapters.
TableRegistry initialized
TableRegistry destroyed
Initializing Computer Registry...
Registering built-in computers...
Registering computer: Interval Mean (Row selector: 0, Source type: St10shared_ptrI13IAnalogSourceE)
Registering computer: Interval Max (Row selector: 0, Source type: St10shared_ptrI13IAnalogSourceE)
Registering computer: Interval Min (Row selector: 0, Source type: St10shared_ptrI13IAnalogSourceE)
Registering computer: Interval Standard Deviation (Row selector: 0, Source type: St10shared_ptrI13IAnalogSourceE)
Registering computer: Interval Sum (Row selector: 0, Source type: St10shared_ptrI13IAnalogSourceE)
Registering computer: Interval Count (Row selector: 0, Source type: St10shared_ptrI13IAnalogSourceE)
Registering computer: Event Presence (Row selector: 0, Source type: St10shared_ptrI12IEventSourceE)
Registering computer: Event Count (Row selector: 0, Source type: St10shared_ptrI12IEventSourceE)
Registering computer: Interval Start (Row selector: 0, Source type: St10shared_ptrI15IIntervalSourceE)
Registering computer: Interval End (Row selector: 0, Source type: St10shared_ptrI15IIntervalSourceE)
Registering computer: Interval Duration (Row selector: 0, Source type: St10shared_ptrI15IIntervalSourceE)
Registering computer: Event Gather (Row selector: 0, Source type: St10shared_ptrI12IEventSourceE)
Registering computer: Timestamp Value (Row selector: 1, Source type: St10shared_ptrI13IAnalogSourceE)
Registering multi-output computer: Analog Timestamp Offsets (Row selector: 1, Source type: St10shared_ptrI13IAnalogSourceE)
Registering computer: Timestamp In Interval (Row selector: 1, Source type: St10shared_ptrI15IIntervalSourceE)
Registering multi-output computer: Line Sample XY (Row selector: 1, Source type: St10shared_ptrI11ILineSourceE)
Registering computer: Interval Overlap Assign ID (Row selector: 0, Source type: St10shared_ptrI15IIntervalSourceE)
Registering computer: Interval Overlap Count (Row selector: 0, Source type: St10shared_ptrI15IIntervalSourceE)
Registering computer: Interval Overlap Assign Start (Row selector: 0, Source type: St10shared_ptrI15IIntervalSourceE)
Registering computer: Interval Overlap Assign End (Row selector: 0, Source type: St10shared_ptrI15IIntervalSourceE)
Registering computer: Analog Slice Gatherer (Row selector: 0, Source type: St10shared_ptrI13IAnalogSourceE)
Registering computer: Analog Slice Gatherer Float (Row selector: 0, Source type: St10shared_ptrI13IAnalogSourceE)
Finished registering built-in computers.
Registering built-in adapters...
Registering adapter: Point X Component (Input type: 9PointData, Output type: St10shared_ptrI13IAnalogSourceE)
Registering adapter: Point Y Component (Input type: 9PointData, Output type: St10shared_ptrI13IAnalogSourceE)
Registering adapter: Line Data (Input type: 8LineData, Output type: St10shared_ptrI11ILineSourceE)
Finished registering built-in adapters.
Computing computer mappings...
Finished computing computer mappings.
Computing adapter mappings...
Finished computing adapter mappings.
Computer Registry Initialized with 22 computers and 3 adapters.
TableRegistry initialized
TableRegistry destroyed
===============================================================================
test cases: 1 | 1 failed
assertions: 7 | 6 passed | 1 failed


        Start  46: FilenameTimeFrame - Basic filename extraction
 46/232 Test  #46: FilenameTimeFrame - Basic filename extraction ..........................................................................   Passed    0.01 sec
        Start  47: FilenameTimeFrame - Different creation modes
 47/232 Test  #47: FilenameTimeFrame - Different creation modes ...........................................................................   Passed    0.01 sec
        Start  48: FilenameTimeFrame - Error handling
 48/232 Test  #48: FilenameTimeFrame - Error handling .....................................................................................   Passed    0.02 sec
        Start  49: FilenameTimeFrame - Sorting behavior
 49/232 Test  #49: FilenameTimeFrame - Sorting behavior ...................................................................................   Passed    0.01 sec
        Start  50: TableView Point Data Integration Test
 50/232 Test  #50: TableView Point Data Integration Test ..................................................................................***Failed    0.01 sec
Filters: "TableView Point Data Integration Test"
Randomness seeded to: 1793594977
Initializing Computer Registry...
Registering built-in computers...
Registering computer: Interval Mean (Row selector: 0, Source type: St10shared_ptrI13IAnalogSourceE)
Registering computer: Interval Max (Row selector: 0, Source type: St10shared_ptrI13IAnalogSourceE)
Registering computer: Interval Min (Row selector: 0, Source type: St10shared_ptrI13IAnalogSourceE)
Registering computer: Interval Standard Deviation (Row selector: 0, Source type: St10shared_ptrI13IAnalogSourceE)
Registering computer: Interval Sum (Row selector: 0, Source type: St10shared_ptrI13IAnalogSourceE)
Registering computer: Interval Count (Row selector: 0, Source type: St10shared_ptrI13IAnalogSourceE)
Registering computer: Event Presence (Row selector: 0, Source type: St10shared_ptrI12IEventSourceE)
Registering computer: Event Count (Row selector: 0, Source type: St10shared_ptrI12IEventSourceE)
Registering computer: Interval Start (Row selector: 0, Source type: St10shared_ptrI15IIntervalSourceE)
Registering computer: Interval End (Row selector: 0, Source type: St10shared_ptrI15IIntervalSourceE)
Registering computer: Interval Duration (Row selector: 0, Source type: St10shared_ptrI15IIntervalSourceE)
Registering computer: Event Gather (Row selector: 0, Source type: St10shared_ptrI12IEventSourceE)
Registering computer: Timestamp Value (Row selector: 1, Source type: St10shared_ptrI13IAnalogSourceE)
Registering multi-output computer: Analog Timestamp Offsets (Row selector: 1, Source type: St10shared_ptrI13IAnalogSourceE)
Registering computer: Timestamp In Interval (Row selector: 1, Source type: St10shared_ptrI15IIntervalSourceE)
Registering multi-output computer: Line Sample XY (Row selector: 1, Source type: St10shared_ptrI11ILineSourceE)
Registering computer: Interval Overlap Assign ID (Row selector: 0, Source type: St10shared_ptrI15IIntervalSourceE)
Registering computer: Interval Overlap Count (Row selector: 0, Source type: St10shared_ptrI15IIntervalSourceE)
Registering computer: Interval Overlap Assign Start (Row selector: 0, Source type: St10shared_ptrI15IIntervalSourceE)
Registering computer: Interval Overlap Assign End (Row selector: 0, Source type: St10shared_ptrI15IIntervalSourceE)
Registering computer: Analog Slice Gatherer (Row selector: 0, Source type: St10shared_ptrI13IAnalogSourceE)
Registering computer: Analog Slice Gatherer Float (Row selector: 0, Source type: St10shared_ptrI13IAnalogSourceE)
Finished registering built-in computers.
Registering built-in adapters...
Registering adapter: Point X Component (Input type: 9PointData, Output type: St10shared_ptrI13IAnalogSourceE)
Registering adapter: Point Y Component (Input type: 9PointData, Output type: St10shared_ptrI13IAnalogSourceE)
Registering adapter: Line Data (Input type: 8LineData, Output type: St10shared_ptrI11ILineSourceE)
Finished registering built-in adapters.
Computing computer mappings...
Finished computing computer mappings.
Computing adapter mappings...
Finished computing adapter mappings.
Computer Registry Initialized with 22 computers and 3 adapters.
TableRegistry initialized
LoaderRegistration: Registering all loaders...
LoaderRegistration: Registering CSV loader...
LoaderRegistry: Registered loader 'CSVLoader (Internal)'
LoaderRegistration: CapnProto loader not available (ENABLE_CAPNPROTO not defined)
LoaderRegistration: HDF5 loader not available (ENABLE_HDF5 not defined)
LoaderRegistration: OpenCV loader not available (ENABLE_OPENCV not defined)
LoaderRegistration: All loaders registered.
Line source 'TestPoints.x' not found.
Line source 'TestPoints.y' not found.

~~~~~~~~~~~~~~~~~~~~~~~~~~~~~~~~~~~~~~~~~~~~~~~~~~~~~~~~~~~~~~~~~~~~~~~~~~~~~~~
test_data_manager is a Catch2 v3.6.0 host application.
Run with -? for options

-------------------------------------------------------------------------------
TableView Point Data Integration Test
  Extract X and Y components from Point Data
-------------------------------------------------------------------------------
/app/tests/DataManager/test_tableview.cpp:30
...............................................................................

/app/tests/DataManager/test_tableview.cpp:124: FAILED:
  REQUIRE( xValues[i] == Catch::Approx(expectedX[i]).epsilon(0.001) )
with expansion:
  9.0 == Approx( 3.0 )

TableRegistry destroyed
Initializing Computer Registry...
Registering built-in computers...
Registering computer: Interval Mean (Row selector: 0, Source type: St10shared_ptrI13IAnalogSourceE)
Registering computer: Interval Max (Row selector: 0, Source type: St10shared_ptrI13IAnalogSourceE)
Registering computer: Interval Min (Row selector: 0, Source type: St10shared_ptrI13IAnalogSourceE)
Registering computer: Interval Standard Deviation (Row selector: 0, Source type: St10shared_ptrI13IAnalogSourceE)
Registering computer: Interval Sum (Row selector: 0, Source type: St10shared_ptrI13IAnalogSourceE)
Registering computer: Interval Count (Row selector: 0, Source type: St10shared_ptrI13IAnalogSourceE)
Registering computer: Event Presence (Row selector: 0, Source type: St10shared_ptrI12IEventSourceE)
Registering computer: Event Count (Row selector: 0, Source type: St10shared_ptrI12IEventSourceE)
Registering computer: Interval Start (Row selector: 0, Source type: St10shared_ptrI15IIntervalSourceE)
Registering computer: Interval End (Row selector: 0, Source type: St10shared_ptrI15IIntervalSourceE)
Registering computer: Interval Duration (Row selector: 0, Source type: St10shared_ptrI15IIntervalSourceE)
Registering computer: Event Gather (Row selector: 0, Source type: St10shared_ptrI12IEventSourceE)
Registering computer: Timestamp Value (Row selector: 1, Source type: St10shared_ptrI13IAnalogSourceE)
Registering multi-output computer: Analog Timestamp Offsets (Row selector: 1, Source type: St10shared_ptrI13IAnalogSourceE)
Registering computer: Timestamp In Interval (Row selector: 1, Source type: St10shared_ptrI15IIntervalSourceE)
Registering multi-output computer: Line Sample XY (Row selector: 1, Source type: St10shared_ptrI11ILineSourceE)
Registering computer: Interval Overlap Assign ID (Row selector: 0, Source type: St10shared_ptrI15IIntervalSourceE)
Registering computer: Interval Overlap Count (Row selector: 0, Source type: St10shared_ptrI15IIntervalSourceE)
Registering computer: Interval Overlap Assign Start (Row selector: 0, Source type: St10shared_ptrI15IIntervalSourceE)
Registering computer: Interval Overlap Assign End (Row selector: 0, Source type: St10shared_ptrI15IIntervalSourceE)
Registering computer: Analog Slice Gatherer (Row selector: 0, Source type: St10shared_ptrI13IAnalogSourceE)
Registering computer: Analog Slice Gatherer Float (Row selector: 0, Source type: St10shared_ptrI13IAnalogSourceE)
Finished registering built-in computers.
Registering built-in adapters...
Registering adapter: Point X Component (Input type: 9PointData, Output type: St10shared_ptrI13IAnalogSourceE)
Registering adapter: Point Y Component (Input type: 9PointData, Output type: St10shared_ptrI13IAnalogSourceE)
Registering adapter: Line Data (Input type: 8LineData, Output type: St10shared_ptrI11ILineSourceE)
Finished registering built-in adapters.
Computing computer mappings...
Finished computing computer mappings.
Computing adapter mappings...
Finished computing adapter mappings.
Computer Registry Initialized with 22 computers and 3 adapters.
TableRegistry initialized
Line source 'TestPoints.x' not found.
Line source 'TestPoints.y' not found.
Line source 'TestPoints.x' not found.
Line source 'TestPoints.y' not found.
-------------------------------------------------------------------------------
TableView Point Data Integration Test
  Extract X and Y components using interval reduction
-------------------------------------------------------------------------------
/app/tests/DataManager/test_tableview.cpp:129
...............................................................................

/app/tests/DataManager/test_tableview.cpp:224: FAILED:
  REQUIRE( xMean[i] == Catch::Approx(expectedXMean[i]).epsilon(0.001) )
with expansion:
  9.0 == Approx( 3.0 )

TableRegistry destroyed
Initializing Computer Registry...
Registering built-in computers...
Registering computer: Interval Mean (Row selector: 0, Source type: St10shared_ptrI13IAnalogSourceE)
Registering computer: Interval Max (Row selector: 0, Source type: St10shared_ptrI13IAnalogSourceE)
Registering computer: Interval Min (Row selector: 0, Source type: St10shared_ptrI13IAnalogSourceE)
Registering computer: Interval Standard Deviation (Row selector: 0, Source type: St10shared_ptrI13IAnalogSourceE)
Registering computer: Interval Sum (Row selector: 0, Source type: St10shared_ptrI13IAnalogSourceE)
Registering computer: Interval Count (Row selector: 0, Source type: St10shared_ptrI13IAnalogSourceE)
Registering computer: Event Presence (Row selector: 0, Source type: St10shared_ptrI12IEventSourceE)
Registering computer: Event Count (Row selector: 0, Source type: St10shared_ptrI12IEventSourceE)
Registering computer: Interval Start (Row selector: 0, Source type: St10shared_ptrI15IIntervalSourceE)
Registering computer: Interval End (Row selector: 0, Source type: St10shared_ptrI15IIntervalSourceE)
Registering computer: Interval Duration (Row selector: 0, Source type: St10shared_ptrI15IIntervalSourceE)
Registering computer: Event Gather (Row selector: 0, Source type: St10shared_ptrI12IEventSourceE)
Registering computer: Timestamp Value (Row selector: 1, Source type: St10shared_ptrI13IAnalogSourceE)
Registering multi-output computer: Analog Timestamp Offsets (Row selector: 1, Source type: St10shared_ptrI13IAnalogSourceE)
Registering computer: Timestamp In Interval (Row selector: 1, Source type: St10shared_ptrI15IIntervalSourceE)
Registering multi-output computer: Line Sample XY (Row selector: 1, Source type: St10shared_ptrI11ILineSourceE)
Registering computer: Interval Overlap Assign ID (Row selector: 0, Source type: St10shared_ptrI15IIntervalSourceE)
Registering computer: Interval Overlap Count (Row selector: 0, Source type: St10shared_ptrI15IIntervalSourceE)
Registering computer: Interval Overlap Assign Start (Row selector: 0, Source type: St10shared_ptrI15IIntervalSourceE)
Registering computer: Interval Overlap Assign End (Row selector: 0, Source type: St10shared_ptrI15IIntervalSourceE)
Registering computer: Analog Slice Gatherer (Row selector: 0, Source type: St10shared_ptrI13IAnalogSourceE)
Registering computer: Analog Slice Gatherer Float (Row selector: 0, Source type: St10shared_ptrI13IAnalogSourceE)
Finished registering built-in computers.
Registering built-in adapters...
Registering adapter: Point X Component (Input type: 9PointData, Output type: St10shared_ptrI13IAnalogSourceE)
Registering adapter: Point Y Component (Input type: 9PointData, Output type: St10shared_ptrI13IAnalogSourceE)
Registering adapter: Line Data (Input type: 8LineData, Output type: St10shared_ptrI11ILineSourceE)
Finished registering built-in adapters.
Computing computer mappings...
Finished computing computer mappings.
Computing adapter mappings...
Finished computing adapter mappings.
Computer Registry Initialized with 22 computers and 3 adapters.
TableRegistry initialized
TableRegistry destroyed
Initializing Computer Registry...
Registering built-in computers...
Registering computer: Interval Mean (Row selector: 0, Source type: St10shared_ptrI13IAnalogSourceE)
Registering computer: Interval Max (Row selector: 0, Source type: St10shared_ptrI13IAnalogSourceE)
Registering computer: Interval Min (Row selector: 0, Source type: St10shared_ptrI13IAnalogSourceE)
Registering computer: Interval Standard Deviation (Row selector: 0, Source type: St10shared_ptrI13IAnalogSourceE)
Registering computer: Interval Sum (Row selector: 0, Source type: St10shared_ptrI13IAnalogSourceE)
Registering computer: Interval Count (Row selector: 0, Source type: St10shared_ptrI13IAnalogSourceE)
Registering computer: Event Presence (Row selector: 0, Source type: St10shared_ptrI12IEventSourceE)
Registering computer: Event Count (Row selector: 0, Source type: St10shared_ptrI12IEventSourceE)
Registering computer: Interval Start (Row selector: 0, Source type: St10shared_ptrI15IIntervalSourceE)
Registering computer: Interval End (Row selector: 0, Source type: St10shared_ptrI15IIntervalSourceE)
Registering computer: Interval Duration (Row selector: 0, Source type: St10shared_ptrI15IIntervalSourceE)
Registering computer: Event Gather (Row selector: 0, Source type: St10shared_ptrI12IEventSourceE)
Registering computer: Timestamp Value (Row selector: 1, Source type: St10shared_ptrI13IAnalogSourceE)
Registering multi-output computer: Analog Timestamp Offsets (Row selector: 1, Source type: St10shared_ptrI13IAnalogSourceE)
Registering computer: Timestamp In Interval (Row selector: 1, Source type: St10shared_ptrI15IIntervalSourceE)
Registering multi-output computer: Line Sample XY (Row selector: 1, Source type: St10shared_ptrI11ILineSourceE)
Registering computer: Interval Overlap Assign ID (Row selector: 0, Source type: St10shared_ptrI15IIntervalSourceE)
Registering computer: Interval Overlap Count (Row selector: 0, Source type: St10shared_ptrI15IIntervalSourceE)
Registering computer: Interval Overlap Assign Start (Row selector: 0, Source type: St10shared_ptrI15IIntervalSourceE)
Registering computer: Interval Overlap Assign End (Row selector: 0, Source type: St10shared_ptrI15IIntervalSourceE)
Registering computer: Analog Slice Gatherer (Row selector: 0, Source type: St10shared_ptrI13IAnalogSourceE)
Registering computer: Analog Slice Gatherer Float (Row selector: 0, Source type: St10shared_ptrI13IAnalogSourceE)
Finished registering built-in computers.
Registering built-in adapters...
Registering adapter: Point X Component (Input type: 9PointData, Output type: St10shared_ptrI13IAnalogSourceE)
Registering adapter: Point Y Component (Input type: 9PointData, Output type: St10shared_ptrI13IAnalogSourceE)
Registering adapter: Line Data (Input type: 8LineData, Output type: St10shared_ptrI11ILineSourceE)
Finished registering built-in adapters.
Computing computer mappings...
Finished computing computer mappings.
Computing adapter mappings...
Finished computing adapter mappings.
Computer Registry Initialized with 22 computers and 3 adapters.
TableRegistry initialized
TableRegistry destroyed
===============================================================================
test cases:  1 |  0 passed | 1 failed
assertions: 26 | 24 passed | 2 failed


        Start  51: TableView AnalogSliceGathererComputer Test
 51/232 Test  #51: TableView AnalogSliceGathererComputer Test .............................................................................   Passed    0.01 sec
        Start  52: TableView Different TimeFrames Test
 52/232 Test  #52: TableView Different TimeFrames Test ....................................................................................***Failed    0.01 sec
Filters: "TableView Different TimeFrames Test"
Randomness seeded to: 1760788493
Initializing Computer Registry...
Registering built-in computers...
Registering computer: Interval Mean (Row selector: 0, Source type: St10shared_ptrI13IAnalogSourceE)
Registering computer: Interval Max (Row selector: 0, Source type: St10shared_ptrI13IAnalogSourceE)
Registering computer: Interval Min (Row selector: 0, Source type: St10shared_ptrI13IAnalogSourceE)
Registering computer: Interval Standard Deviation (Row selector: 0, Source type: St10shared_ptrI13IAnalogSourceE)
Registering computer: Interval Sum (Row selector: 0, Source type: St10shared_ptrI13IAnalogSourceE)
Registering computer: Interval Count (Row selector: 0, Source type: St10shared_ptrI13IAnalogSourceE)
Registering computer: Event Presence (Row selector: 0, Source type: St10shared_ptrI12IEventSourceE)
Registering computer: Event Count (Row selector: 0, Source type: St10shared_ptrI12IEventSourceE)
Registering computer: Interval Start (Row selector: 0, Source type: St10shared_ptrI15IIntervalSourceE)
Registering computer: Interval End (Row selector: 0, Source type: St10shared_ptrI15IIntervalSourceE)
Registering computer: Interval Duration (Row selector: 0, Source type: St10shared_ptrI15IIntervalSourceE)
Registering computer: Event Gather (Row selector: 0, Source type: St10shared_ptrI12IEventSourceE)
Registering computer: Timestamp Value (Row selector: 1, Source type: St10shared_ptrI13IAnalogSourceE)
Registering multi-output computer: Analog Timestamp Offsets (Row selector: 1, Source type: St10shared_ptrI13IAnalogSourceE)
Registering computer: Timestamp In Interval (Row selector: 1, Source type: St10shared_ptrI15IIntervalSourceE)
Registering multi-output computer: Line Sample XY (Row selector: 1, Source type: St10shared_ptrI11ILineSourceE)
Registering computer: Interval Overlap Assign ID (Row selector: 0, Source type: St10shared_ptrI15IIntervalSourceE)
Registering computer: Interval Overlap Count (Row selector: 0, Source type: St10shared_ptrI15IIntervalSourceE)
Registering computer: Interval Overlap Assign Start (Row selector: 0, Source type: St10shared_ptrI15IIntervalSourceE)
Registering computer: Interval Overlap Assign End (Row selector: 0, Source type: St10shared_ptrI15IIntervalSourceE)
Registering computer: Analog Slice Gatherer (Row selector: 0, Source type: St10shared_ptrI13IAnalogSourceE)
Registering computer: Analog Slice Gatherer Float (Row selector: 0, Source type: St10shared_ptrI13IAnalogSourceE)
Finished registering built-in computers.
Registering built-in adapters...
Registering adapter: Point X Component (Input type: 9PointData, Output type: St10shared_ptrI13IAnalogSourceE)
Registering adapter: Point Y Component (Input type: 9PointData, Output type: St10shared_ptrI13IAnalogSourceE)
Registering adapter: Line Data (Input type: 8LineData, Output type: St10shared_ptrI11ILineSourceE)
Finished registering built-in adapters.
Computing computer mappings...
Finished computing computer mappings.
Computing adapter mappings...
Finished computing adapter mappings.
Computer Registry Initialized with 22 computers and 3 adapters.
TableRegistry initialized
LoaderRegistration: Registering all loaders...
LoaderRegistration: Registering CSV loader...
LoaderRegistry: Registered loader 'CSVLoader (Internal)'
LoaderRegistration: CapnProto loader not available (ENABLE_CAPNPROTO not defined)
LoaderRegistration: HDF5 loader not available (ENABLE_HDF5 not defined)
LoaderRegistration: OpenCV loader not available (ENABLE_OPENCV not defined)
LoaderRegistration: All loaders registered.
Line source 'TestPoints.x' not found.
Line source 'TestPoints2.x' not found.
TableRegistry destroyed
Initializing Computer Registry...
Registering built-in computers...
Registering computer: Interval Mean (Row selector: 0, Source type: St10shared_ptrI13IAnalogSourceE)
Registering computer: Interval Max (Row selector: 0, Source type: St10shared_ptrI13IAnalogSourceE)
Registering computer: Interval Min (Row selector: 0, Source type: St10shared_ptrI13IAnalogSourceE)
Registering computer: Interval Standard Deviation (Row selector: 0, Source type: St10shared_ptrI13IAnalogSourceE)
Registering computer: Interval Sum (Row selector: 0, Source type: St10shared_ptrI13IAnalogSourceE)
Registering computer: Interval Count (Row selector: 0, Source type: St10shared_ptrI13IAnalogSourceE)
Registering computer: Event Presence (Row selector: 0, Source type: St10shared_ptrI12IEventSourceE)
Registering computer: Event Count (Row selector: 0, Source type: St10shared_ptrI12IEventSourceE)
Registering computer: Interval Start (Row selector: 0, Source type: St10shared_ptrI15IIntervalSourceE)
Registering computer: Interval End (Row selector: 0, Source type: St10shared_ptrI15IIntervalSourceE)
Registering computer: Interval Duration (Row selector: 0, Source type: St10shared_ptrI15IIntervalSourceE)
Registering computer: Event Gather (Row selector: 0, Source type: St10shared_ptrI12IEventSourceE)
Registering computer: Timestamp Value (Row selector: 1, Source type: St10shared_ptrI13IAnalogSourceE)
Registering multi-output computer: Analog Timestamp Offsets (Row selector: 1, Source type: St10shared_ptrI13IAnalogSourceE)
Registering computer: Timestamp In Interval (Row selector: 1, Source type: St10shared_ptrI15IIntervalSourceE)
Registering multi-output computer: Line Sample XY (Row selector: 1, Source type: St10shared_ptrI11ILineSourceE)
Registering computer: Interval Overlap Assign ID (Row selector: 0, Source type: St10shared_ptrI15IIntervalSourceE)
Registering computer: Interval Overlap Count (Row selector: 0, Source type: St10shared_ptrI15IIntervalSourceE)
Registering computer: Interval Overlap Assign Start (Row selector: 0, Source type: St10shared_ptrI15IIntervalSourceE)
Registering computer: Interval Overlap Assign End (Row selector: 0, Source type: St10shared_ptrI15IIntervalSourceE)
Registering computer: Analog Slice Gatherer (Row selector: 0, Source type: St10shared_ptrI13IAnalogSourceE)
Registering computer: Analog Slice Gatherer Float (Row selector: 0, Source type: St10shared_ptrI13IAnalogSourceE)
Finished registering built-in computers.
Registering built-in adapters...
Registering adapter: Point X Component (Input type: 9PointData, Output type: St10shared_ptrI13IAnalogSourceE)
Registering adapter: Point Y Component (Input type: 9PointData, Output type: St10shared_ptrI13IAnalogSourceE)
Registering adapter: Line Data (Input type: 8LineData, Output type: St10shared_ptrI11ILineSourceE)
Finished registering built-in adapters.
Computing computer mappings...
Finished computing computer mappings.
Computing adapter mappings...
Finished computing adapter mappings.
Computer Registry Initialized with 22 computers and 3 adapters.
TableRegistry initialized
Error creating LineDataAdapter for 'ColumnIntervals': std::get: wrong index for variant
Line source 'ColumnIntervals' not found.
Error creating LineDataAdapter for 'ColumnIntervals': std::get: wrong index for variant
Line source 'ColumnIntervals' not found.
Error creating LineDataAdapter for 'RowIntervals': std::get: wrong index for variant
Line source 'RowIntervals' not found.
Error creating LineDataAdapter for 'RowIntervals': std::get: wrong index for variant
Line source 'RowIntervals' not found.
Error creating LineDataAdapter for 'RowIntervals': std::get: wrong index for variant
Line source 'RowIntervals' not found.
Error creating AnalogDataAdapter for 'ColumnIntervals': std::get: wrong index for variant
Index 8 out of range for time frame of size 5
Error creating AnalogDataAdapter for 'RowIntervals': std::get: wrong index for variant

~~~~~~~~~~~~~~~~~~~~~~~~~~~~~~~~~~~~~~~~~~~~~~~~~~~~~~~~~~~~~~~~~~~~~~~~~~~~~~~
test_data_manager is a Catch2 v3.6.0 host application.
Run with -? for options

-------------------------------------------------------------------------------
TableView Different TimeFrames Test
  Test DigitalIntervalSeries with different timeframes
-------------------------------------------------------------------------------
/app/tests/DataManager/test_tableview.cpp:598
...............................................................................

/app/tests/DataManager/test_tableview.cpp:721: FAILED:
  REQUIRE( containingID[i] == expectedContainingID[i] )
with expansion:
  0 == -1

TableRegistry destroyed
Initializing Computer Registry...
Registering built-in computers...
Registering computer: Interval Mean (Row selector: 0, Source type: St10shared_ptrI13IAnalogSourceE)
Registering computer: Interval Max (Row selector: 0, Source type: St10shared_ptrI13IAnalogSourceE)
Registering computer: Interval Min (Row selector: 0, Source type: St10shared_ptrI13IAnalogSourceE)
Registering computer: Interval Standard Deviation (Row selector: 0, Source type: St10shared_ptrI13IAnalogSourceE)
Registering computer: Interval Sum (Row selector: 0, Source type: St10shared_ptrI13IAnalogSourceE)
Registering computer: Interval Count (Row selector: 0, Source type: St10shared_ptrI13IAnalogSourceE)
Registering computer: Event Presence (Row selector: 0, Source type: St10shared_ptrI12IEventSourceE)
Registering computer: Event Count (Row selector: 0, Source type: St10shared_ptrI12IEventSourceE)
Registering computer: Interval Start (Row selector: 0, Source type: St10shared_ptrI15IIntervalSourceE)
Registering computer: Interval End (Row selector: 0, Source type: St10shared_ptrI15IIntervalSourceE)
Registering computer: Interval Duration (Row selector: 0, Source type: St10shared_ptrI15IIntervalSourceE)
Registering computer: Event Gather (Row selector: 0, Source type: St10shared_ptrI12IEventSourceE)
Registering computer: Timestamp Value (Row selector: 1, Source type: St10shared_ptrI13IAnalogSourceE)
Registering multi-output computer: Analog Timestamp Offsets (Row selector: 1, Source type: St10shared_ptrI13IAnalogSourceE)
Registering computer: Timestamp In Interval (Row selector: 1, Source type: St10shared_ptrI15IIntervalSourceE)
Registering multi-output computer: Line Sample XY (Row selector: 1, Source type: St10shared_ptrI11ILineSourceE)
Registering computer: Interval Overlap Assign ID (Row selector: 0, Source type: St10shared_ptrI15IIntervalSourceE)
Registering computer: Interval Overlap Count (Row selector: 0, Source type: St10shared_ptrI15IIntervalSourceE)
Registering computer: Interval Overlap Assign Start (Row selector: 0, Source type: St10shared_ptrI15IIntervalSourceE)
Registering computer: Interval Overlap Assign End (Row selector: 0, Source type: St10shared_ptrI15IIntervalSourceE)
Registering computer: Analog Slice Gatherer (Row selector: 0, Source type: St10shared_ptrI13IAnalogSourceE)
Registering computer: Analog Slice Gatherer Float (Row selector: 0, Source type: St10shared_ptrI13IAnalogSourceE)
Finished registering built-in computers.
Registering built-in adapters...
Registering adapter: Point X Component (Input type: 9PointData, Output type: St10shared_ptrI13IAnalogSourceE)
Registering adapter: Point Y Component (Input type: 9PointData, Output type: St10shared_ptrI13IAnalogSourceE)
Registering adapter: Line Data (Input type: 8LineData, Output type: St10shared_ptrI11ILineSourceE)
Finished registering built-in adapters.
Computing computer mappings...
Finished computing computer mappings.
Computing adapter mappings...
Finished computing adapter mappings.
Computer Registry Initialized with 22 computers and 3 adapters.
TableRegistry initialized
Error creating LineDataAdapter for 'ColumnIntervals': std::get: wrong index for variant
Line source 'ColumnIntervals' not found.
Error creating LineDataAdapter for 'ColumnIntervals': std::get: wrong index for variant
Line source 'ColumnIntervals' not found.
Error creating LineDataAdapter for 'RowIntervals': std::get: wrong index for variant
Line source 'RowIntervals' not found.
Error creating LineDataAdapter for 'RowIntervals': std::get: wrong index for variant
Line source 'RowIntervals' not found.
Error creating LineDataAdapter for 'RowIntervals': std::get: wrong index for variant
Line source 'RowIntervals' not found.
Error creating AnalogDataAdapter for 'ColumnIntervals': std::get: wrong index for variant
Error creating AnalogDataAdapter for 'RowIntervals': std::get: wrong index for variant
-------------------------------------------------------------------------------
TableView Different TimeFrames Test
  Test DigitalIntervalSeries with different timeframes - fine vs coarse
-------------------------------------------------------------------------------
/app/tests/DataManager/test_tableview.cpp:729
...............................................................................

/app/tests/DataManager/test_tableview.cpp:858: FAILED:
  REQUIRE( overlapCount[i] == expectedOverlapCount[i] )
with expansion:
  0 == 1

TableRegistry destroyed
===============================================================================
test cases:  1 |  0 passed | 1 failed
assertions: 46 | 44 passed | 2 failed


        Start  53: DataManagerTestFixture - Basic Data Population
 53/232 Test  #53: DataManagerTestFixture - Basic Data Population .........................................................................   Passed    0.01 sec
        Start  54: DataManagerRandomTestFixture - Random Data Generation
 54/232 Test  #54: DataManagerRandomTestFixture - Random Data Generation ..................................................................   Passed    0.01 sec
        Start  55: ObserverData happy path functionality
 55/232 Test  #55: ObserverData happy path functionality ..................................................................................   Passed    0.01 sec
        Start  56: ObserverData edge cases and error handling
 56/232 Test  #56: ObserverData edge cases and error handling .............................................................................   Passed    0.01 sec
        Start  57: Digital Event Series - Constructor
 57/232 Test  #57: Digital Event Series - Constructor .....................................................................................   Passed    0.01 sec
        Start  58: Digital Event Series - Set Data
 58/232 Test  #58: Digital Event Series - Set Data ........................................................................................   Passed    0.01 sec
        Start  59: Digital Event Series - Add Event
 59/232 Test  #59: Digital Event Series - Add Event .......................................................................................   Passed    0.01 sec
        Start  60: Digital Event Series - Remove Event
 60/232 Test  #60: Digital Event Series - Remove Event ....................................................................................   Passed    0.01 sec
        Start  61: Digital Event Series - Clear
 61/232 Test  #61: Digital Event Series - Clear ...........................................................................................   Passed    0.01 sec
        Start  62: Digital Event Series - Load From CSV
 62/232 Test  #62: Digital Event Series - Load From CSV ...................................................................................   Passed    0.01 sec
        Start  63: Digital Event Series - Duplicate Events
 63/232 Test  #63: Digital Event Series - Duplicate Events ................................................................................   Passed    0.01 sec
        Start  64: Digital Event Series - Empty Series
 64/232 Test  #64: Digital Event Series - Empty Series ....................................................................................   Passed    0.01 sec
        Start  65: DigitalEventSeries - Range-based access (C++20)
 65/232 Test  #65: DigitalEventSeries - Range-based access (C++20) ........................................................................   Passed    0.01 sec
        Start  66: DigitalEventSeries - Range edge cases
 66/232 Test  #66: DigitalEventSeries - Range edge cases ..................................................................................   Passed    0.01 sec
        Start  67: DigitalEventSeries - Range with empty series
 67/232 Test  #67: DigitalEventSeries - Range with empty series ...........................................................................   Passed    0.01 sec
        Start  68: DigitalEventSeries - Range with duplicate events
 68/232 Test  #68: DigitalEventSeries - Range with duplicate events .......................................................................   Passed    0.01 sec
        Start  69: DigitalEventSeries - Range interaction with add/remove
 69/232 Test  #69: DigitalEventSeries - Range interaction with add/remove .................................................................   Passed    0.01 sec
        Start  70: Digital Interval Overlap Left
 70/232 Test  #70: Digital Interval Overlap Left ..........................................................................................   Passed    0.01 sec
        Start  71: DigitalIntervalSeries - Range-based access
 71/232 Test  #71: DigitalIntervalSeries - Range-based access .............................................................................   Passed    0.01 sec
        Start  72: DataAggregation - Basic interval operations
 72/232 Test  #72: DataAggregation - Basic interval operations ............................................................................   Passed    0.01 sec
        Start  73: DataAggregation - User scenario test
 73/232 Test  #73: DataAggregation - User scenario test ...................................................................................   Passed    0.01 sec
        Start  74: DataAggregation - Overlap strategies
 74/232 Test  #74: DataAggregation - Overlap strategies ...................................................................................   Passed    0.01 sec
        Start  75: DataAggregation - Edge cases and error handling
 75/232 Test  #75: DataAggregation - Edge cases and error handling ........................................................................   Passed    0.01 sec
        Start  76: DataAggregation - Complex scenario
 76/232 Test  #76: DataAggregation - Complex scenario .....................................................................................   Passed    0.01 sec
        Start  77: DataAggregation - IntervalCount transformation
 77/232 Test  #77: DataAggregation - IntervalCount transformation .........................................................................   Passed    0.01 sec
        Start  78: DataAggregation - Combined transformations with IntervalCount
 78/232 Test  #78: DataAggregation - Combined transformations with IntervalCount ..........................................................   Passed    0.01 sec
        Start  79: DataAggregation - Analog time series transformations
 79/232 Test  #79: DataAggregation - Analog time series transformations ...................................................................   Passed    0.01 sec
        Start  80: DataAggregation - Point data transformations
 80/232 Test  #80: DataAggregation - Point data transformations ...........................................................................   Passed    0.01 sec
        Start  81: DataAggregation - Time index vs array index bug test
 81/232 Test  #81: DataAggregation - Time index vs array index bug test ...................................................................   Passed    0.01 sec
        Start  82: DataAggregation - Complex mixed transformations
 82/232 Test  #82: DataAggregation - Complex mixed transformations ........................................................................   Passed    0.01 sec
        Start  83: DM - TV - AnalogSliceGathererComputer Basic Functionality
 83/232 Test  #83: DM - TV - AnalogSliceGathererComputer Basic Functionality ..............................................................   Passed    0.01 sec
        Start  84: DM - TV - AnalogSliceGathererComputer Error Handling
 84/232 Test  #84: DM - TV - AnalogSliceGathererComputer Error Handling ...................................................................   Passed    0.01 sec
        Start  85: DM - TV - AnalogSliceGathererComputer Template Types
 85/232 Test  #85: DM - TV - AnalogSliceGathererComputer Template Types ...................................................................   Passed    0.01 sec
        Start  86: DM - TV - AnalogSliceGathererComputer Dependency Tracking
 86/232 Test  #86: DM - TV - AnalogSliceGathererComputer Dependency Tracking ..............................................................   Passed    0.01 sec
        Start  87: DM - TV - AnalogSliceGathererComputer with DataManager fixture
 87/232 Test  #87: DM - TV - AnalogSliceGathererComputer with DataManager fixture .........................................................   Passed    0.01 sec
        Start  88: DM - TV - AnalogSliceGathererComputer via ComputerRegistry
 88/232 Test  #88: DM - TV - AnalogSliceGathererComputer via ComputerRegistry .............................................................   Passed    0.01 sec
        Start  89: DM - TV - AnalogSliceGathererComputer via JSON TablePipeline
 89/232 Test  #89: DM - TV - AnalogSliceGathererComputer via JSON TablePipeline ...........................................................   Passed    0.01 sec
        Start  90: DM - TV - EventInIntervalComputer Basic Functionality
 90/232 Test  #90: DM - TV - EventInIntervalComputer Basic Functionality ..................................................................   Passed    0.01 sec
        Start  91: DM - TV - EventInIntervalComputer Edge Cases
 91/232 Test  #91: DM - TV - EventInIntervalComputer Edge Cases ...........................................................................   Passed    0.01 sec
        Start  92: DM - TV - EventInIntervalComputer Error Handling
 92/232 Test  #92: DM - TV - EventInIntervalComputer Error Handling .......................................................................   Passed    0.01 sec
        Start  93: DM - TV - EventInIntervalComputer Dependency Tracking
 93/232 Test  #93: DM - TV - EventInIntervalComputer Dependency Tracking ..................................................................   Passed    0.01 sec
        Start  94: DM - TV - EventInIntervalComputer with DataManager fixture
 94/232 Test  #94: DM - TV - EventInIntervalComputer with DataManager fixture .............................................................   Passed    0.01 sec
        Start  95: DM - TV - EventInIntervalComputer via ComputerRegistry
 95/232 Test  #95: DM - TV - EventInIntervalComputer via ComputerRegistry .................................................................   Passed    0.01 sec
        Start  96: DM - TV - EventInIntervalComputer via JSON TablePipeline
 96/232 Test  #96: DM - TV - EventInIntervalComputer via JSON TablePipeline ...............................................................   Passed    0.01 sec
        Start  97: DM - TV - EventInIntervalComputer Complex Scenarios
 97/232 Test  #97: DM - TV - EventInIntervalComputer Complex Scenarios ....................................................................   Passed    0.01 sec
        Start  98: DM - TV - IntervalOverlapComputer Basic Functionality
 98/232 Test  #98: DM - TV - IntervalOverlapComputer Basic Functionality ..................................................................   Passed    0.01 sec
        Start  99: DM - TV - IntervalOverlapComputer Error Handling
 99/232 Test  #99: DM - TV - IntervalOverlapComputer Error Handling .......................................................................   Passed    0.01 sec
        Start 100: DM - TV - IntervalOverlapComputer Template Types
100/232 Test #100: DM - TV - IntervalOverlapComputer Template Types .......................................................................   Passed    0.01 sec
        Start 101: DM - TV - IntervalOverlapComputer Dependency Tracking
101/232 Test #101: DM - TV - IntervalOverlapComputer Dependency Tracking ..................................................................   Passed    0.01 sec
        Start 102: DM - TV - IntervalOverlapComputer Complex Scenarios
102/232 Test #102: DM - TV - IntervalOverlapComputer Complex Scenarios ....................................................................   Passed    0.01 sec
        Start 103: DM - TV - IntervalOverlapComputer Utility Functions
103/232 Test #103: DM - TV - IntervalOverlapComputer Utility Functions ....................................................................   Passed    0.01 sec
        Start 104: DM - TV - IntervalOverlapComputer with DataManager fixture
104/232 Test #104: DM - TV - IntervalOverlapComputer with DataManager fixture .............................................................   Passed    0.01 sec
        Start 105: DM - TV - IntervalOverlapComputer via ComputerRegistry
105/232 Test #105: DM - TV - IntervalOverlapComputer via ComputerRegistry .................................................................   Passed    0.01 sec
        Start 106: DM - TV - IntervalOverlapComputer via JSON TablePipeline
106/232 Test #106: DM - TV - IntervalOverlapComputer via JSON TablePipeline ...............................................................   Passed    0.01 sec
        Start 107: DM - TV - IntervalRowSelector implementation test
107/232 Test #107: DM - TV - IntervalRowSelector implementation test ......................................................................   Passed    0.01 sec
        Start 108: DM - TV - IntervalPropertyComputer Basic Functionality
108/232 Test #108: DM - TV - IntervalPropertyComputer Basic Functionality .................................................................   Passed    0.01 sec
        Start 109: DM - TV - IntervalPropertyComputer Error Handling
109/232 Test #109: DM - TV - IntervalPropertyComputer Error Handling ......................................................................   Passed    0.01 sec
        Start 110: DM - TV - IntervalPropertyComputer Template Types
110/232 Test #110: DM - TV - IntervalPropertyComputer Template Types ......................................................................   Passed    0.01 sec
        Start 111: DM - TV - IntervalPropertyComputer Dependency Tracking
111/232 Test #111: DM - TV - IntervalPropertyComputer Dependency Tracking .................................................................   Passed    0.01 sec
        Start 112: DM - TV - IntervalPropertyComputer with DataManager fixture
112/232 Test #112: DM - TV - IntervalPropertyComputer with DataManager fixture ............................................................   Passed    0.01 sec
        Start 113: DM - TV - IntervalPropertyComputer via ComputerRegistry
113/232 Test #113: DM - TV - IntervalPropertyComputer via ComputerRegistry ................................................................   Passed    0.01 sec
        Start 114: DM - TV - IntervalPropertyComputer via JSON TablePipeline
114/232 Test #114: DM - TV - IntervalPropertyComputer via JSON TablePipeline ..............................................................   Passed    0.01 sec
        Start 115: DM - TV - IntervalReductionComputer Basic Functionality
115/232 Test #115: DM - TV - IntervalReductionComputer Basic Functionality ................................................................   Passed    0.01 sec
        Start 116: DM - TV - IntervalReductionComputer Error Handling
116/232 Test #116: DM - TV - IntervalReductionComputer Error Handling .....................................................................   Passed    0.01 sec
        Start 117: DM - TV - IntervalReductionComputer Dependency Tracking
117/232 Test #117: DM - TV - IntervalReductionComputer Dependency Tracking ................................................................   Passed    0.01 sec
        Start 118: DM - TV - IntervalReductionComputer with DataManager fixture
118/232 Test #118: DM - TV - IntervalReductionComputer with DataManager fixture ...........................................................   Passed    0.01 sec
        Start 119: DM - TV - IntervalReductionComputer via ComputerRegistry
119/232 Test #119: DM - TV - IntervalReductionComputer via ComputerRegistry ...............................................................   Passed    0.01 sec
        Start 120: DM - TV - IntervalReductionComputer via JSON TablePipeline
120/232 Test #120: DM - TV - IntervalReductionComputer via JSON TablePipeline .............................................................   Passed    0.01 sec
        Start 121: DM - TV - LineSamplingMultiComputer basic integration
121/232 Test #121: DM - TV - LineSamplingMultiComputer basic integration ..................................................................   Passed    0.01 sec
        Start 122: DM - TV - LineSamplingMultiComputer handles missing lines as zeros
122/232 Test #122: DM - TV - LineSamplingMultiComputer handles missing lines as zeros .....................................................   Passed    0.01 sec
        Start 123: DM - TV - LineSamplingMultiComputer can be created via registry
123/232 Test #123: DM - TV - LineSamplingMultiComputer can be created via registry ........................................................   Passed    0.01 sec
        Start 124: DM - TV - LineSamplingMultiComputer with per-line row expansion drops empty timestamps and samples per entity
124/232 Test #124: DM - TV - LineSamplingMultiComputer with per-line row expansion drops empty timestamps and samples per entity ..........   Passed    0.01 sec
        Start 125: DM - TV - LineSamplingMultiComputer expansion with coexisting analog column retains empty-line timestamps for analog
125/232 Test #125: DM - TV - LineSamplingMultiComputer expansion with coexisting analog column retains empty-line timestamps for analog ...   Passed    0.01 sec
        Start 126: DM - TV - LineSamplingMultiComputer with DataManager fixture
126/232 Test #126: DM - TV - LineSamplingMultiComputer with DataManager fixture ...........................................................   Passed    0.01 sec
        Start 127: DM - TV - LineSamplingMultiComputer via ComputerRegistry
127/232 Test #127: DM - TV - LineSamplingMultiComputer via ComputerRegistry ...............................................................   Passed    0.01 sec
        Start 128: DM - TV - LineSamplingMultiComputer via JSON TablePipeline
128/232 Test #128: DM - TV - LineSamplingMultiComputer via JSON TablePipeline .............................................................   Passed    0.01 sec
        Start 129: DM - TV - AnalogTimestampOffsets with fixture triangular signals
129/232 Test #129: DM - TV - AnalogTimestampOffsets with fixture triangular signals .......................................................   Passed    0.01 sec
        Start 130: DM - TV - AnalogTimestampOffsets cross-timeframe test
130/232 Test #130: DM - TV - AnalogTimestampOffsets cross-timeframe test ..................................................................   Passed    0.01 sec
        Start 131: DM - TV - AnalogTimestampOffsets via JSON pipeline
131/232 Test #131: DM - TV - AnalogTimestampOffsets via JSON pipeline .....................................................................   Passed    0.01 sec
        Start 132: DM - TV - AnalogTimestampOffsets via registry
132/232 Test #132: DM - TV - AnalogTimestampOffsets via registry ..........................................................................   Passed    0.01 sec
        Start 133: DM - TV - TimestampInIntervalComputer Basic Functionality
133/232 Test #133: DM - TV - TimestampInIntervalComputer Basic Functionality ..............................................................   Passed    0.01 sec
        Start 134: DM - TV - TimestampInIntervalComputer Error Handling
134/232 Test #134: DM - TV - TimestampInIntervalComputer Error Handling ...................................................................   Passed    0.01 sec
        Start 135: DM - TV - TimestampInIntervalComputer Dependency Tracking
135/232 Test #135: DM - TV - TimestampInIntervalComputer Dependency Tracking ..............................................................   Passed    0.01 sec
        Start 136: DM - TV - TimestampInIntervalComputer with DataManager fixture
136/232 Test #136: DM - TV - TimestampInIntervalComputer with DataManager fixture .........................................................   Passed    0.01 sec
        Start 137: DM - TV - TimestampInIntervalComputer via ComputerRegistry
137/232 Test #137: DM - TV - TimestampInIntervalComputer via ComputerRegistry .............................................................   Passed    0.01 sec
        Start 138: DM - TV - TimestampInIntervalComputer via JSON TablePipeline
138/232 Test #138: DM - TV - TimestampInIntervalComputer via JSON TablePipeline ...........................................................   Passed    0.01 sec
        Start 139: TimestampInIntervalComputer basic integration
139/232 Test #139: TimestampInIntervalComputer basic integration ..........................................................................   Passed    0.01 sec
        Start 140: TimestampInIntervalComputer via registry
140/232 Test #140: TimestampInIntervalComputer via registry ...............................................................................   Passed    0.01 sec
        Start 141: DM - TV - TimestampValueComputer Basic Functionality
141/232 Test #141: DM - TV - TimestampValueComputer Basic Functionality ...................................................................   Passed    0.01 sec
        Start 142: DM - TV - TimestampValueComputer Error Handling
142/232 Test #142: DM - TV - TimestampValueComputer Error Handling ........................................................................   Passed    0.01 sec
        Start 143: DM - TV - TimestampValueComputer Dependency Tracking
143/232 Test #143: DM - TV - TimestampValueComputer Dependency Tracking ...................................................................   Passed    0.01 sec
        Start 144: DM - TV - TimestampValueComputer with DataManager fixture
144/232 Test #144: DM - TV - TimestampValueComputer with DataManager fixture ..............................................................   Passed    0.01 sec
        Start 145: DM - TV - TimestampValueComputer via ComputerRegistry
145/232 Test #145: DM - TV - TimestampValueComputer via ComputerRegistry ..................................................................   Passed    0.01 sec
        Start 146: DM - TV - TimestampValueComputer via JSON TablePipeline
146/232 Test #146: DM - TV - TimestampValueComputer via JSON TablePipeline ................................................................   Passed    0.01 sec
        Start 147: DM - TV - TimestampValueComputer JSON multi-source configuration
147/232 Test #147: DM - TV - TimestampValueComputer JSON multi-source configuration .......................................................   Passed    0.01 sec
        Start 148: DM - TV - LineDataAdapter getLinesInRange with identical start/end index
148/232 Test #148: DM - TV - LineDataAdapter getLinesInRange with identical start/end index ...............................................   Passed    0.01 sec
        Start 149: New Filter Interface: Basic Filter Creation
149/232 Test #149: New Filter Interface: Basic Filter Creation ............................................................................   Passed    0.01 sec
        Start 150: New Filter Interface: Zero Phase Decorator
150/232 Test #150: New Filter Interface: Zero Phase Decorator .............................................................................   Passed    0.01 sec
        Start 151: New Filter Interface: Filter Processing
151/232 Test #151: New Filter Interface: Filter Processing ................................................................................   Passed    0.01 sec
        Start 152: New Filter Interface: Advanced Functionality
152/232 Test #152: New Filter Interface: Advanced Functionality ...........................................................................   Passed    0.01 sec
        Start 153: New Filter Interface: Chebyshev Filters
153/232 Test #153: New Filter Interface: Chebyshev Filters ................................................................................   Passed    0.01 sec
        Start 154: New Filter Interface: Chebyshev Processing
154/232 Test #154: New Filter Interface: Chebyshev Processing .............................................................................   Passed    0.01 sec
        Start 155: New Filter Interface: Complete Filter Library
155/232 Test #155: New Filter Interface: Complete Filter Library ..........................................................................   Passed    0.01 sec
        Start 156: AnalogTimeSeries - Core functionality
156/232 Test #156: AnalogTimeSeries - Core functionality ..................................................................................   Passed    0.01 sec
        Start 157: AnalogTimeSeries - Edge cases and error handling
157/232 Test #157: AnalogTimeSeries - Edge cases and error handling .......................................................................   Passed    0.01 sec
        Start 158: AnalogTimeSeries - Boundary finding methods
158/232 Test #158: AnalogTimeSeries - Boundary finding methods ............................................................................   Passed    0.01 sec
        Start 159: AnalogTimeSeries - getDataInTimeFrameIndexRange functionality
159/232 Test #159: AnalogTimeSeries - getDataInTimeFrameIndexRange functionality ..........................................................   Passed    0.01 sec
        Start 160: AnalogTimeSeries - findDataArrayIndexForTimeFrameIndex functionality
160/232 Test #160: AnalogTimeSeries - findDataArrayIndexForTimeFrameIndex functionality ...................................................   Passed    0.01 sec
        Start 161: AnalogTimeSeries - Time-Value Range Interface
161/232 Test #161: AnalogTimeSeries - Time-Value Range Interface ..........................................................................   Passed    0.01 sec
        Start 162: AnalogTimeSeries - Time-Value Span Interface
162/232 Test #162: AnalogTimeSeries - Time-Value Span Interface ...........................................................................   Passed    0.01 sec
        Start 163: AnalogTimeSeries - Time-Value Interface Comparison
163/232 Test #163: AnalogTimeSeries - Time-Value Interface Comparison .....................................................................   Passed    0.01 sec
        Start 164: Analog - Load CSV
164/232 Test #164: Analog - Load CSV ......................................................................................................   Passed    0.01 sec
        Start 165: AnalogTimeSeries - Statistics
165/232 Test #165: AnalogTimeSeries - Statistics ..........................................................................................   Passed    0.01 sec
        Start 166: AnalogTimeSeries - Approximate Statistics
166/232 Test #166: AnalogTimeSeries - Approximate Statistics ..............................................................................   Passed    0.06 sec
        Start 167: MaskData - Core functionality
167/232 Test #167: MaskData - Core functionality ..........................................................................................   Passed    0.01 sec
        Start 168: MaskData - Observer notification
168/232 Test #168: MaskData - Observer notification .......................................................................................   Passed    0.01 sec
        Start 169: MaskData - Edge cases and error handling
169/232 Test #169: MaskData - Edge cases and error handling ...............................................................................   Passed    0.01 sec
        Start 170: MaskData - Copy and Move operations
170/232 Test #170: MaskData - Copy and Move operations ....................................................................................   Passed    0.01 sec
        Start 171: remove_small_clusters happy path tests
171/232 Test #171: remove_small_clusters happy path tests .................................................................................   Passed    0.01 sec
        Start 172: remove_small_clusters edge cases and error handling
172/232 Test #172: remove_small_clusters edge cases and error handling ....................................................................   Passed    0.01 sec
        Start 173: remove_small_clusters Image interface tests
173/232 Test #173: remove_small_clusters Image interface tests ............................................................................   Passed    0.01 sec
        Start 174: fill_holes basic functionality
174/232 Test #174: fill_holes basic functionality .........................................................................................   Passed    0.01 sec
        Start 175: fill_holes edge cases and error handling
175/232 Test #175: fill_holes edge cases and error handling ...............................................................................   Passed    0.01 sec
        Start 176: fill_holes Image interface tests
176/232 Test #176: fill_holes Image interface tests .......................................................................................   Passed    0.01 sec
        Start 177: median_filter basic functionality
177/232 Test #177: median_filter basic functionality ......................................................................................   Passed    0.01 sec
        Start 178: median_filter edge cases and error handling
178/232 Test #178: median_filter edge cases and error handling ............................................................................   Passed    0.01 sec
        Start 179: median_filter Image interface tests
179/232 Test #179: median_filter Image interface tests ....................................................................................   Passed    0.01 sec
        Start 180: fast_skeletonize happy path tests
180/232 Test #180: fast_skeletonize happy path tests ......................................................................................   Passed    0.01 sec
        Start 181: fast_skeletonize edge cases and error handling
181/232 Test #181: fast_skeletonize edge cases and error handling .........................................................................   Passed    0.01 sec
        Start 182: fast_skeletonize Image interface tests
182/232 Test #182: fast_skeletonize Image interface tests .................................................................................   Passed    0.01 sec
        Start 183: resize_mask function
183/232 Test #183: resize_mask function ...................................................................................................   Passed    0.01 sec
        Start 184: DM - PointData - Core functionality
184/232 Test #184: DM - PointData - Core functionality ....................................................................................   Passed    0.01 sec
        Start 185: DM - PointData - Edge cases and error handling
185/232 Test #185: DM - PointData - Edge cases and error handling .........................................................................   Passed    0.01 sec
        Start 186: DM - PointData - Copy and Move operations
186/232 Test #186: DM - PointData - Copy and Move operations ..............................................................................   Passed    0.01 sec
        Start 187: DM - PointData - Image scaling
187/232 Test #187: DM - PointData - Image scaling .........................................................................................   Passed    0.01 sec
        Start 188: PointData - Timeframe conversion
188/232 Test #188: PointData - Timeframe conversion .......................................................................................   Passed    0.01 sec
        Start 189: Data Transform: Analog Event Threshold - Happy Path
189/232 Test #189: Data Transform: Analog Event Threshold - Happy Path ....................................................................   Passed    0.01 sec
        Start 190: Data Transform: Analog Event Threshold - Error and Edge Cases
190/232 Test #190: Data Transform: Analog Event Threshold - Error and Edge Cases ..........................................................   Passed    0.01 sec
        Start 191: Data Transform: Filter Analog Time Series
191/232 Test #191: Data Transform: Filter Analog Time Series ..............................................................................   Passed    0.01 sec
        Start 192: Data Transform: Filter Analog Time Series - Operation Class Tests
192/232 Test #192: Data Transform: Filter Analog Time Series - Operation Class Tests ......................................................   Passed    0.01 sec
        Start 193: Data Transform: Filter Analog Time Series - New Interface Features
193/232 Test #193: Data Transform: Filter Analog Time Series - New Interface Features .....................................................   Passed    0.01 sec
        Start 194: Data Transform: Hilbert Phase - Happy Path
194/232 Test #194: Data Transform: Hilbert Phase - Happy Path .............................................................................   Passed    0.01 sec
        Start 195: Data Transform: Hilbert Phase - Error and Edge Cases
195/232 Test #195: Data Transform: Hilbert Phase - Error and Edge Cases ...................................................................   Passed    0.01 sec
        Start 196: Data Transform: Hilbert Phase - Irregularly Sampled Data
196/232 Test #196: Data Transform: Hilbert Phase - Irregularly Sampled Data ...............................................................   Passed    0.01 sec
        Start 197: Data Transform: Interval Threshold - Happy Path
197/232 Test #197: Data Transform: Interval Threshold - Happy Path ........................................................................   Passed    0.01 sec
        Start 198: Data Transform: Interval Threshold - Error and Edge Cases
198/232 Test #198: Data Transform: Interval Threshold - Error and Edge Cases ..............................................................   Passed    0.01 sec
        Start 199: Data Transform: Interval Threshold - Single Sample Above Threshold Zero Lockout
199/232 Test #199: Data Transform: Interval Threshold - Single Sample Above Threshold Zero Lockout ........................................   Passed    0.01 sec
        Start 200: Data Transform: Interval Threshold - Operation Class Tests
200/232 Test #200: Data Transform: Interval Threshold - Operation Class Tests .............................................................   Passed    0.01 sec
        Start 201: Data Transform: Interval Threshold - Missing Data Handling
201/232 Test #201: Data Transform: Interval Threshold - Missing Data Handling .............................................................   Passed    0.01 sec
        Start 202: Digital Interval Group Transform
202/232 Test #202: Digital Interval Group Transform .......................................................................................   Passed    0.01 sec
        Start 203: Group Operation Class Tests
203/232 Test #203: Group Operation Class Tests ............................................................................................   Passed    0.01 sec
        Start 204: Group Transform Edge Cases
204/232 Test #204: Group Transform Edge Cases .............................................................................................   Passed    0.01 sec
        Start 205: Line angle calculation - Core functionality
205/232 Test #205: Line angle calculation - Core functionality ............................................................................   Passed    0.01 sec
        Start 206: Line angle calculation - Edge cases and error handling
206/232 Test #206: Line angle calculation - Edge cases and error handling .................................................................   Passed    0.01 sec
        Start 207: Line to point minimum distance calculation - Core functionality
207/232 Test #207: Line to point minimum distance calculation - Core functionality ........................................................   Passed    0.01 sec
        Start 208: Line to point minimum distance calculation - Edge cases and error handling
208/232 Test #208: Line to point minimum distance calculation - Edge cases and error handling .............................................   Passed    0.01 sec
        Start 209: FWHM displacement calculation - Core functionality
209/232 Test #209: FWHM displacement calculation - Core functionality .....................................................................***Failed    0.01 sec
Filters: "FWHM displacement calculation - Core functionality"
Randomness seeded to: 315885181

~~~~~~~~~~~~~~~~~~~~~~~~~~~~~~~~~~~~~~~~~~~~~~~~~~~~~~~~~~~~~~~~~~~~~~~~~~~~~~~
test_data_manager is a Catch2 v3.6.0 host application.
Run with -? for options

-------------------------------------------------------------------------------
FWHM displacement calculation - Core functionality
  Bright line detection with diagonal perpendicular
-------------------------------------------------------------------------------
/app/src/DataManager/transforms/Lines/line_alignment.test.cpp:158
...............................................................................

/app/src/DataManager/transforms/Lines/line_alignment.test.cpp:181: FAILED:
  REQUIRE_THAT( center_point.x, Catch::Matchers::WithinAbs(50.0f, 2.0f) )
with expansion:
  45.051002502f is within 2.0 of 50.0

-------------------------------------------------------------------------------
FWHM displacement calculation - Core functionality
  Multiple bright lines - should find the closest
-------------------------------------------------------------------------------
/app/src/DataManager/transforms/Lines/line_alignment.test.cpp:257
...............................................................................

/app/src/DataManager/transforms/Lines/line_alignment.test.cpp:277: FAILED:
  REQUIRE_THAT( center_point.y, Catch::Matchers::WithinAbs(30.0f, 1.0f) )
with expansion:
  50.0f is within 1.0 of 30.0

-------------------------------------------------------------------------------
FWHM displacement calculation - Core functionality
  Edge case - vertex at image boundary
-------------------------------------------------------------------------------
/app/src/DataManager/transforms/Lines/line_alignment.test.cpp:280
...............................................................................

/app/src/DataManager/transforms/Lines/line_alignment.test.cpp:298: FAILED:
  REQUIRE_THAT( center_point.x, Catch::Matchers::WithinAbs(0.0f, 1.0f) )
with expansion:
  6.5f is within 1.0 of 0.0

===============================================================================
test cases:  1 |  0 passed | 1 failed
assertions: 30 | 27 passed | 3 failed


        Start 210: Perpendicular direction calculation - Core functionality
210/232 Test #210: Perpendicular direction calculation - Core functionality ...............................................................   Passed    0.01 sec
        Start 211: FWHM center calculation - Edge cases and error handling
211/232 Test #211: FWHM center calculation - Edge cases and error handling ................................................................   Passed    0.01 sec
        Start 212: Mask area calculation - Core functionality
212/232 Test #212: Mask area calculation - Core functionality .............................................................................   Passed    0.01 sec
        Start 213: Mask area calculation - Edge cases and error handling
213/232 Test #213: Mask area calculation - Edge cases and error handling ..................................................................   Passed    0.01 sec
        Start 214: Mask centroid calculation - Core functionality
214/232 Test #214: Mask centroid calculation - Core functionality .........................................................................   Passed    0.01 sec
        Start 215: Mask centroid calculation - Edge cases and error handling
215/232 Test #215: Mask centroid calculation - Edge cases and error handling ..............................................................   Passed    0.01 sec
        Start 216: MaskCentroidOperation - Operation interface
216/232 Test #216: MaskCentroidOperation - Operation interface ............................................................................   Passed    0.01 sec
        Start 217: MaskConnectedComponent basic functionality
217/232 Test #217: MaskConnectedComponent basic functionality .............................................................................   Passed    0.01 sec
        Start 218: MaskConnectedComponentOperation interface
218/232 Test #218: MaskConnectedComponentOperation interface ..............................................................................   Passed    0.01 sec
        Start 219: MaskHoleFilling basic functionality
219/232 Test #219: MaskHoleFilling basic functionality ....................................................................................   Passed    0.01 sec
        Start 220: MaskHoleFillingOperation interface tests
220/232 Test #220: MaskHoleFillingOperation interface tests ...............................................................................   Passed    0.01 sec
        Start 221: MaskMedianFilter basic functionality
221/232 Test #221: MaskMedianFilter basic functionality ...................................................................................   Passed    0.01 sec
        Start 222: MaskMedianFilterOperation interface tests
222/232 Test #222: MaskMedianFilterOperation interface tests ..............................................................................   Passed    0.01 sec
        Start 223: Mask principal axis calculation - Core functionality
223/232 Test #223: Mask principal axis calculation - Core functionality ...................................................................   Passed    0.01 sec
        Start 224: Mask principal axis calculation - Edge cases
224/232 Test #224: Mask principal axis calculation - Edge cases ...........................................................................   Passed    0.01 sec
        Start 225: MaskPrincipalAxisOperation - Operation interface
225/232 Test #225: MaskPrincipalAxisOperation - Operation interface .......................................................................   Passed    0.01 sec
        Start 226: DM - LineData - CSV save and load through direct functions
226/232 Test #226: DM - LineData - CSV save and load through direct functions .............................................................   Passed    0.01 sec
        Start 227: DM - LineData - CSV load through DataManager JSON config
227/232 Test #227: DM - LineData - CSV load through DataManager JSON config ...............................................................   Passed    0.01 sec
        Start 228: DM - LineData - CSV save/load through LoaderRegistry
228/232 Test #228: DM - LineData - CSV save/load through LoaderRegistry ...................................................................   Passed    0.01 sec
        Start 229: DM - AnalogTimeSeries - CSV save and load through direct functions
229/232 Test #229: DM - AnalogTimeSeries - CSV save and load through direct functions .....................................................   Passed    0.01 sec
        Start 230: DM - AnalogTimeSeries - CSV load through DataManager JSON config
230/232 Test #230: DM - AnalogTimeSeries - CSV load through DataManager JSON config .......................................................   Passed    0.01 sec
        Start 231: DM - DigitalIntervalSeries - CSV save and load through direct functions
231/232 Test #231: DM - DigitalIntervalSeries - CSV save and load through direct functions ................................................   Passed    0.01 sec
        Start 232: DM - DigitalIntervalSeries - CSV load through DataManager JSON config
232/232 Test #232: DM - DigitalIntervalSeries - CSV load through DataManager JSON config ..................................................   Passed    0.01 sec

98% tests passed, 4 tests failed out of 232

Total Test time (real) =   2.34 sec

The following tests FAILED:
	 45 - DataManager::getType returns correct data types (Failed)
	 50 - TableView Point Data Integration Test (Failed)
	 52 - TableView Different TimeFrames Test (Failed)
	209 - FWHM displacement calculation - Core functionality (Failed)
